<?xml version="1.0" encoding="UTF-8"?>
<!-- Generated by org.testng.reporters.JUnitXMLReporter -->
<testsuite hostname="LAPTOP-B1VDJO44" ignored="0" name="BankingApp Test(failed)" tests="3" failures="3" timestamp="23 Dec 2019 07:03:01 GMT" time="33.033" errors="0">
  <testcase name="loginDDT" time="5.614" classname="com.inetbanking.TestCases.TC_loginDDT_002">
    <failure type="java.lang.AssertionError" message="expected [true] but found [false]">
      <![CDATA[java.lang.AssertionError: expected [true] but found [false]
at com.inetbanking.TestCases.TC_loginDDT_002.loginDDT(TC_loginDDT_002.java:27)
... Removed 29 stack frames]]>
    </failure>
  </testcase> <!-- loginDDT -->
  <testcase name="loginDDT" time="5.472" classname="com.inetbanking.TestCases.TC_loginDDT_002">
    <failure type="java.lang.AssertionError" message="expected [true] but found [false]">
      <![CDATA[java.lang.AssertionError: expected [true] but found [false]
at com.inetbanking.TestCases.TC_loginDDT_002.loginDDT(TC_loginDDT_002.java:27)
... Removed 29 stack frames]]>
    </failure>
  </testcase> <!-- loginDDT -->
  <testcase name="loginDDT" time="7.263" classname="com.inetbanking.TestCases.TC_loginDDT_002">
    <failure type="java.lang.AssertionError" message="expected [true] but found [false]">
      <![CDATA[java.lang.AssertionError: expected [true] but found [false]
at com.inetbanking.TestCases.TC_loginDDT_002.loginDDT(TC_loginDDT_002.java:27)
... Removed 29 stack frames]]>
    </failure>
  </testcase> <!-- loginDDT -->
</testsuite> <!-- BankingApp Test(failed) -->
