<?xml version="1.0" encoding="UTF-8"?>
<testsuite name="TestSuite" time="33.42" tests="6" errors="0" skipped="0" failures="3">
  <properties>
[...]
</properties>
  <testcase name="logintest" classname="com.inetbanking.TestCases.TC_logintest" time="4.797"/>
  <testcase name="loginDDT" classname="com.inetbanking.TestCases.TC_loginDDT_002" time="12.676"/>
  <testcase name="loginDDT" classname="com.inetbanking.TestCases.TC_loginDDT_002" time="5.609">
    <failure message="expected [true] but found [false]" type="java.lang.AssertionError">java.lang.AssertionError: expected [true] but found [false]
	at org.testng.Assert.fail(Assert.java:96)
	at org.testng.Assert.failNotEquals(Assert.java:776)
	at org.testng.Assert.assertTrue(Assert.java:44)
	at org.testng.Assert.assertTrue(Assert.java:54)
	at com.inetbanking.TestCases.TC_loginDDT_002.loginDDT(TC_loginDDT_002.java:27)
</failure>
    <system-out><![CDATA[ INFO [main] (TC_loginDDT_002.java:19)- username provided
 INFO [main] (TC_loginDDT_002.java:21)- password provided
]]></system-out>
    <system-err><![CDATA[[1577634046.837][SEVERE]: Unable to retrieve document state unexpected alert open
]]></system-err>
  </testcase>
  <testcase name="loginDDT" classname="com.inetbanking.TestCases.TC_loginDDT_002" time="5.849">
    <failure message="expected [true] but found [false]" type="java.lang.AssertionError">java.lang.AssertionError: expected [true] but found [false]
	at org.testng.Assert.fail(Assert.java:96)
	at org.testng.Assert.failNotEquals(Assert.java:776)
	at org.testng.Assert.assertTrue(Assert.java:44)
	at org.testng.Assert.assertTrue(Assert.java:54)
	at com.inetbanking.TestCases.TC_loginDDT_002.loginDDT(TC_loginDDT_002.java:27)
</failure>
    <system-out><![CDATA[ INFO [main] (TC_loginDDT_002.java:19)- username provided
 INFO [main] (TC_loginDDT_002.java:21)- password provided
]]></system-out>
    <system-err><![CDATA[[1577634052.638][SEVERE]: Unable to retrieve document state unexpected alert open
]]></system-err>
  </testcase>
  <testcase name="loginDDT" classname="com.inetbanking.TestCases.TC_loginDDT_002" time="6.554">
    <failure message="expected [true] but found [false]" type="java.lang.AssertionError">java.lang.AssertionError: expected [true] but found [false]
	at org.testng.Assert.fail(Assert.java:96)
	at org.testng.Assert.failNotEquals(Assert.java:776)
	at org.testng.Assert.assertTrue(Assert.java:44)
	at org.testng.Assert.assertTrue(Assert.java:54)
	at com.inetbanking.TestCases.TC_loginDDT_002.loginDDT(TC_loginDDT_002.java:27)
</failure>
    <system-out><![CDATA[ INFO [main] (TC_loginDDT_002.java:19)- username provided
 INFO [main] (TC_loginDDT_002.java:21)- password provided
]]></system-out>
    <system-err><![CDATA[[1577634058.368][SEVERE]: Unable to retrieve document state unexpected alert open
]]></system-err>
  </testcase>
  <testcase name="addnewcustomer" classname="com.inetbanking.TestCases.TC_addcustomertest" time="15.947"/>
</testsuite>